<?xml version="1.0" encoding="UTF-8"?>
<testng-results skipped="0" failed="0" total="2" passed="2">
  <reporter-output>
  </reporter-output>
  <suite name="Capella BDD Demo" duration-ms="142617" started-at="2018-10-05T10:20:00Z" finished-at="2018-10-05T10:22:22Z">
    <groups>
      <group name="cucumber">
        <method signature="AbstractTestNGCucumberTests.feature(cucumber.api.testng.CucumberFeatureWrapper)[pri:0, instance:runner.RunCuke@27a5f880]" name="feature" class="cucumber.api.testng.AbstractTestNGCucumberTests"/>
        <method signature="AbstractTestNGCucumberTests.feature(cucumber.api.testng.CucumberFeatureWrapper)[pri:0, instance:runner.RunCukeForm@52feb982]" name="feature" class="cucumber.api.testng.AbstractTestNGCucumberTests"/>
      </group> <!-- cucumber -->
    </groups>
    <test name="Test MegaMenu" duration-ms="68210" started-at="2018-10-05T10:20:00Z" finished-at="2018-10-05T10:21:08Z">
      <class name="runner.RunCuke">
        <test-method status="PASS" signature="setUpClass()[pri:0, instance:runner.RunCuke@27a5f880]" name="setUpClass" is-config="true" duration-ms="375" started-at="2018-10-05T15:50:00Z" finished-at="2018-10-05T15:50:00Z">
          <reporter-output>
          </reporter-output>
        </test-method> <!-- setUpClass -->
        <test-method status="PASS" signature="devicePreCheck(java.lang.String)[pri:0, instance:runner.RunCuke@27a5f880]" name="devicePreCheck" is-config="true" duration-ms="994" started-at="2018-10-05T15:50:00Z" finished-at="2018-10-05T15:50:01Z">
          <params>
            <param index="0">
              <value>
                <![CDATA[true]]>
              </value>
            </param>
          </params>
          <reporter-output>
          </reporter-output>
        </test-method> <!-- devicePreCheck -->
        <test-method status="PASS" signature="feature(cucumber.api.testng.CucumberFeatureWrapper)[pri:0, instance:runner.RunCuke@27a5f880]" name="feature" duration-ms="66214" started-at="2018-10-05T15:50:01Z" description="Runs Cucumber Feature" data-provider="features" finished-at="2018-10-05T15:51:07Z">
          <params>
            <param index="0">
              <value>
                <![CDATA[Acceptance testing to validate Availability of Mega Menus in Capella Home Page]]>
              </value>
            </param>
          </params>
          <reporter-output>
          </reporter-output>
        </test-method> <!-- feature -->
        <test-method status="PASS" signature="writeExtentReport()[pri:0, instance:runner.RunCuke@27a5f880]" name="writeExtentReport" is-config="true" duration-ms="0" started-at="2018-10-05T15:51:07Z" finished-at="2018-10-05T15:51:07Z">
          <reporter-output>
          </reporter-output>
        </test-method> <!-- writeExtentReport -->
        <test-method status="PASS" signature="tearDownClass()[pri:0, instance:runner.RunCuke@27a5f880]" name="tearDownClass" is-config="true" duration-ms="508" started-at="2018-10-05T15:51:07Z" finished-at="2018-10-05T15:51:08Z">
          <reporter-output>
          </reporter-output>
        </test-method> <!-- tearDownClass -->
      </class> <!-- runner.RunCuke -->
    </test> <!-- Test MegaMenu -->
    <test name="Test SchlConslForm" duration-ms="74298" started-at="2018-10-05T10:21:08Z" finished-at="2018-10-05T10:22:22Z">
      <class name="runner.RunCukeForm">
        <test-method status="PASS" signature="setUpClass()[pri:0, instance:runner.RunCukeForm@52feb982]" name="setUpClass" is-config="true" duration-ms="32" started-at="2018-10-05T15:51:08Z" finished-at="2018-10-05T15:51:08Z">
          <reporter-output>
          </reporter-output>
        </test-method> <!-- setUpClass -->
        <test-method status="PASS" signature="feature(cucumber.api.testng.CucumberFeatureWrapper)[pri:0, instance:runner.RunCukeForm@52feb982]" name="feature" duration-ms="74109" started-at="2018-10-05T15:51:08Z" description="Runs Cucumber Feature" data-provider="features" finished-at="2018-10-05T15:52:22Z">
          <params>
            <param index="0">
              <value>
                <![CDATA[Verify Nursing logic for Schedule Consultation (IRF Short) form in Capella Home Page Header Menu]]>
              </value>
            </param>
          </params>
          <reporter-output>
          </reporter-output>
        </test-method> <!-- feature -->
        <test-method status="PASS" signature="writeExtentReport()[pri:0, instance:runner.RunCukeForm@52feb982]" name="writeExtentReport" is-config="true" duration-ms="78" started-at="2018-10-05T15:52:22Z" finished-at="2018-10-05T15:52:22Z">
          <reporter-output>
          </reporter-output>
        </test-method> <!-- writeExtentReport -->
        <test-method status="PASS" signature="tearDownClass()[pri:0, instance:runner.RunCukeForm@52feb982]" name="tearDownClass" is-config="true" duration-ms="78" started-at="2018-10-05T15:52:22Z" finished-at="2018-10-05T15:52:22Z">
          <reporter-output>
          </reporter-output>
        </test-method> <!-- tearDownClass -->
      </class> <!-- runner.RunCukeForm -->
    </test> <!-- Test SchlConslForm -->
  </suite> <!-- Capella BDD Demo -->
</testng-results>
